<?xml version="1.0" encoding="utf-8" standalone="no"?>
<test-results xmlns:xsi="http://www.w3.org/2001/XMLSchema-instance" xsi:noNamespaceSchemaLocation="nunit_schema_2.5.xsd" name="Pester" total="1" errors="0" failures="0" not-run="0" inconclusive="0" ignored="0" skipped="0" invalid="0" date="2016-07-07" time="10:20:30">
  <environment user="brian" machine-name="RATCHET" cwd="C:\dev\AsaParser" user-domain="ADDICKS" platform="Microsoft Windows 10 Enterprise|C:\Windows|\Device\Harddisk0\Partition2" nunit-version="2.5.8.0" os-version="10.0.10586" clr-version="4.0.30319.42000" />
  <culture-info current-culture="en-US" current-uiculture="en-US" />
  <test-suite type="Powershell" name="Pester" executed="True" result="Success" success="True" time="0.5743" asserts="0">
    <results>
      <test-suite type="TestFixture" name="Get-AsaGroupPolicy" executed="True" result="Success" success="True" time="0.5743" asserts="0" description="Get-AsaGroupPolicy">
        <results>
          <test-case description="returns valid object" name="Get-AsaGroupPolicy.returns valid object" executed="True" time="0.5743" asserts="0" success="True" result="Success" />
        </results>
      </test-suite>
    </results>
  </test-suite>
</test-results>